<?xml version="1.0" encoding="UTF-8"?>
<testsuite xmlns:xsi="http://www.w3.org/2001/XMLSchema-instance" xsi:noNamespaceSchemaLocation="https://maven.apache.org/surefire/maven-surefire-plugin/xsd/surefire-test-report.xsd" name="org.sosy_lab.java_smt_example.SudokuTest" time="1.836" tests="3" errors="0" skipped="0" failures="0">
  <properties>
    <property name="awt.toolkit" value="sun.awt.X11.XToolkit"/>
    <property name="java.specification.version" value="11"/>
    <property name="sun.cpu.isalist" value=""/>
    <property name="sun.jnu.encoding" value="UTF-8"/>
    <property name="java.class.path" value="/home/baierd/git/java-smt/doc/Example-Maven-Project/target/test-classes:/home/baierd/git/java-smt/doc/Example-Maven-Project/target/classes:/home/baierd/.m2/repository/org/sosy-lab/java-smt/3.7.0/java-smt-3.7.0.jar:/home/baierd/.m2/repository/org/sosy-lab/common/0.3000-442-ge6ac6c3/common-0.3000-442-ge6ac6c3.jar:/home/baierd/.m2/repository/com/google/guava/guava/30.0-jre/guava-30.0-jre.jar:/home/baierd/.m2/repository/com/google/guava/failureaccess/1.0.1/failureaccess-1.0.1.jar:/home/baierd/.m2/repository/com/google/guava/listenablefuture/9999.0-empty-to-avoid-conflict-with-guava/listenablefuture-9999.0-empty-to-avoid-conflict-with-guava.jar:/home/baierd/.m2/repository/com/google/errorprone/error_prone_annotations/2.3.4/error_prone_annotations-2.3.4.jar:/home/baierd/.m2/repository/com/google/j2objc/j2objc-annotations/1.3/j2objc-annotations-1.3.jar:/home/baierd/.m2/repository/org/checkerframework/checker-qual/3.7.1/checker-qual-3.7.1.jar:/home/baierd/.m2/repository/com/github/spotbugs/spotbugs-annotations/4.1.4/spotbugs-annotations-4.1.4.jar:/home/baierd/.m2/repository/com/google/code/findbugs/jsr305/3.0.2/jsr305-3.0.2.jar:/home/baierd/.m2/repository/de/uni-freiburg/informatik/ultimate/smtinterpol/2.5-732-gd208e931/smtinterpol-2.5-732-gd208e931.jar:/home/baierd/.m2/repository/uuverifiers/princess_2.13/2020-09-18-assertionless/princess_2.13-2020-09-18-assertionless.jar:/home/baierd/.m2/repository/org/scala-lang/scala-library/2.13.1/scala-library-2.13.1.jar:/home/baierd/.m2/repository/uuverifiers/princess-parser_2.13/2020-09-18-assertionless/princess-parser_2.13-2020-09-18-assertionless.jar:/home/baierd/.m2/repository/uuverifiers/princess-smt-parser_2.13/2020-09-18-assertionless/princess-smt-parser_2.13-2020-09-18-assertionless.jar:/home/baierd/.m2/repository/org/scala-lang/modules/scala-parser-combinators_2.13/1.1.2/scala-parser-combinators_2.13-1.1.2.jar:/home/baierd/.m2/repository/net/sf/squirrel-sql/thirdparty-non-maven/java-cup/0.11a/java-cup-0.11a.jar:/home/baierd/.m2/repository/org/codehaus/mojo/animal-sniffer-annotations/1.18/animal-sniffer-annotations-1.18.jar:/home/baierd/.m2/repository/org/sosy-lab/java-smt-z3/1.1/java-smt-z3-1.1.jar:/home/baierd/.m2/repository/junit/junit/4.11/junit-4.11.jar:/home/baierd/.m2/repository/org/hamcrest/hamcrest-core/1.3/hamcrest-core-1.3.jar:"/>
    <property name="java.vm.vendor" value="Oracle Corporation"/>
    <property name="sun.arch.data.model" value="64"/>
    <property name="java.vendor.url" value="https://openjdk.java.net/"/>
    <property name="user.timezone" value=""/>
    <property name="java.vm.specification.version" value="11"/>
    <property name="os.name" value="Linux"/>
    <property name="sun.java.launcher" value="SUN_STANDARD"/>
    <property name="user.country" value="US"/>
    <property name="sun.boot.library.path" value="/usr/lib/jvm/java-11-openjdk/lib"/>
    <property name="sun.java.command" value="/home/baierd/git/java-smt/doc/Example-Maven-Project/target/surefire/surefirebooter8998652416022815010.jar /home/baierd/git/java-smt/doc/Example-Maven-Project/target/surefire 2020-12-21T12-00-21_519-jvmRun1 surefire15795867794821297800tmp surefire_011477880518682908465tmp"/>
    <property name="jdk.debug" value="release"/>
    <property name="surefire.test.class.path" value="/home/baierd/git/java-smt/doc/Example-Maven-Project/target/test-classes:/home/baierd/git/java-smt/doc/Example-Maven-Project/target/classes:/home/baierd/.m2/repository/org/sosy-lab/java-smt/3.7.0/java-smt-3.7.0.jar:/home/baierd/.m2/repository/org/sosy-lab/common/0.3000-442-ge6ac6c3/common-0.3000-442-ge6ac6c3.jar:/home/baierd/.m2/repository/com/google/guava/guava/30.0-jre/guava-30.0-jre.jar:/home/baierd/.m2/repository/com/google/guava/failureaccess/1.0.1/failureaccess-1.0.1.jar:/home/baierd/.m2/repository/com/google/guava/listenablefuture/9999.0-empty-to-avoid-conflict-with-guava/listenablefuture-9999.0-empty-to-avoid-conflict-with-guava.jar:/home/baierd/.m2/repository/com/google/errorprone/error_prone_annotations/2.3.4/error_prone_annotations-2.3.4.jar:/home/baierd/.m2/repository/com/google/j2objc/j2objc-annotations/1.3/j2objc-annotations-1.3.jar:/home/baierd/.m2/repository/org/checkerframework/checker-qual/3.7.1/checker-qual-3.7.1.jar:/home/baierd/.m2/repository/com/github/spotbugs/spotbugs-annotations/4.1.4/spotbugs-annotations-4.1.4.jar:/home/baierd/.m2/repository/com/google/code/findbugs/jsr305/3.0.2/jsr305-3.0.2.jar:/home/baierd/.m2/repository/de/uni-freiburg/informatik/ultimate/smtinterpol/2.5-732-gd208e931/smtinterpol-2.5-732-gd208e931.jar:/home/baierd/.m2/repository/uuverifiers/princess_2.13/2020-09-18-assertionless/princess_2.13-2020-09-18-assertionless.jar:/home/baierd/.m2/repository/org/scala-lang/scala-library/2.13.1/scala-library-2.13.1.jar:/home/baierd/.m2/repository/uuverifiers/princess-parser_2.13/2020-09-18-assertionless/princess-parser_2.13-2020-09-18-assertionless.jar:/home/baierd/.m2/repository/uuverifiers/princess-smt-parser_2.13/2020-09-18-assertionless/princess-smt-parser_2.13-2020-09-18-assertionless.jar:/home/baierd/.m2/repository/org/scala-lang/modules/scala-parser-combinators_2.13/1.1.2/scala-parser-combinators_2.13-1.1.2.jar:/home/baierd/.m2/repository/net/sf/squirrel-sql/thirdparty-non-maven/java-cup/0.11a/java-cup-0.11a.jar:/home/baierd/.m2/repository/org/codehaus/mojo/animal-sniffer-annotations/1.18/animal-sniffer-annotations-1.18.jar:/home/baierd/.m2/repository/org/sosy-lab/java-smt-z3/1.1/java-smt-z3-1.1.jar:/home/baierd/.m2/repository/junit/junit/4.11/junit-4.11.jar:/home/baierd/.m2/repository/org/hamcrest/hamcrest-core/1.3/hamcrest-core-1.3.jar:"/>
    <property name="sun.cpu.endian" value="little"/>
    <property name="user.home" value="/home/baierd"/>
    <property name="user.language" value="en"/>
    <property name="java.specification.vendor" value="Oracle Corporation"/>
    <property name="java.version.date" value="2020-07-14"/>
    <property name="java.home" value="/usr/lib/jvm/java-11-openjdk"/>
    <property name="file.separator" value="/"/>
    <property name="basedir" value="/home/baierd/git/java-smt/doc/Example-Maven-Project"/>
    <property name="java.vm.compressedOopsMode" value="Zero based"/>
    <property name="line.separator" value="&#10;"/>
    <property name="java.specification.name" value="Java Platform API Specification"/>
    <property name="java.vm.specification.vendor" value="Oracle Corporation"/>
    <property name="java.awt.graphicsenv" value="sun.awt.X11GraphicsEnvironment"/>
    <property name="surefire.real.class.path" value="/home/baierd/git/java-smt/doc/Example-Maven-Project/target/surefire/surefirebooter8998652416022815010.jar"/>
    <property name="sun.management.compiler" value="HotSpot 64-Bit Tiered Compilers"/>
    <property name="java.runtime.version" value="11.0.8+10"/>
    <property name="user.name" value="baierd"/>
    <property name="path.separator" value=":"/>
    <property name="os.version" value="5.4.80-2-MANJARO"/>
    <property name="java.runtime.name" value="OpenJDK Runtime Environment"/>
    <property name="file.encoding" value="UTF-8"/>
    <property name="java.vm.name" value="OpenJDK 64-Bit Server VM"/>
    <property name="localRepository" value="/home/baierd/.m2/repository"/>
    <property name="java.vendor.url.bug" value="https://bugreport.java.com/bugreport/"/>
    <property name="java.io.tmpdir" value="/tmp"/>
    <property name="java.version" value="11.0.8"/>
    <property name="user.dir" value="/home/baierd/git/java-smt/doc/Example-Maven-Project"/>
    <property name="os.arch" value="amd64"/>
    <property name="java.vm.specification.name" value="Java Virtual Machine Specification"/>
    <property name="java.awt.printerjob" value="sun.print.PSPrinterJob"/>
    <property name="sun.os.patch.level" value="unknown"/>
    <property name="java.library.path" value="/home/baierd/git/java-smt/doc/Example-Maven-Project/target/dependency"/>
    <property name="java.vm.info" value="mixed mode"/>
    <property name="java.vendor" value="N/A"/>
    <property name="java.vm.version" value="11.0.8+10"/>
    <property name="sun.io.unicode.encoding" value="UnicodeLittle"/>
    <property name="java.class.version" value="55.0"/>
  </properties>
  <testcase name="z3SudokuTest" classname="org.sosy_lab.java_smt_example.SudokuTest" time="0.361"/>
  <testcase name="mathsatSudokuTest" classname="org.sosy_lab.java_smt_example.SudokuTest" time="0.201"/>
  <testcase name="princessSudokuTest" classname="org.sosy_lab.java_smt_example.SudokuTest" time="1.249"/>
</testsuite>